# JRE version: OpenJDK Runtime Environment (11.0.4+11) (build 11.0.4+11)
# Java VM: OpenJDK 64-Bit Server VM (11.0.4+11, mixed mode, tiered, compressed oops, g1 gc, linux-amd64)
Heap:
 garbage-first heap   total 171008K, used 34774K [0x00000000c4000000, 0x0000000100000000)
  region size 1024K, 2 young (2048K), 2 survivors (2048K)
 Metaspace       used 73262K, capacity 74913K, committed 75136K, reserved 1114112K
  class space    used 9175K, capacity 9792K, committed 9856K, reserved 1048576K
GC Heap History (10 events):
Event: 9,302 GC heap after
{Heap after GC invocations=14 (full 0):
 garbage-first heap   total 94208K, used 19116K [0x00000000c4000000, 0x0000000100000000)
  region size 1024K, 5 young (5120K), 5 survivors (5120K)
 Metaspace       used 41816K, capacity 42951K, committed 43264K, reserved 1087488K
  class space    used 4890K, capacity 5361K, committed 5376K, reserved 1048576K
}
Event: 10,291 GC heap before
{Heap before GC invocations=14 (full 0):
 garbage-first heap   total 94208K, used 69292K [0x00000000c4000000, 0x0000000100000000)
  region size 1024K, 55 young (56320K), 5 survivors (5120K)
 Metaspace       used 45157K, capacity 46318K, committed 46720K, reserved 1089536K
  class space    used 5244K, capacity 5714K, committed 5760K, reserved 1048576K
}
Event: 10,312 GC heap after
{Heap after GC invocations=15 (full 0):
 garbage-first heap   total 137216K, used 20984K [0x00000000c4000000, 0x0000000100000000)
  region size 1024K, 3 young (3072K), 3 survivors (3072K)
 Metaspace       used 45157K, capacity 46318K, committed 46720K, reserved 1089536K
  class space    used 5244K, capacity 5714K, committed 5760K, reserved 1048576K
}
Event: 12,882 GC heap before
{Heap before GC invocations=15 (full 0):
 garbage-first heap   total 137216K, used 83448K [0x00000000c4000000, 0x0000000100000000)
  region size 1024K, 63 young (64512K), 3 survivors (3072K)
 Metaspace       used 58490K, capacity 59732K, committed 60288K, reserved 1101824K
  class space    used 7095K, capacity 7581K, committed 7680K, reserved 1048576K
}
Event: 12,911 GC heap after
{Heap after GC invocations=16 (full 0):
 garbage-first heap   total 137216K, used 25844K [0x00000000c4000000, 0x0000000100000000)
  region size 1024K, 6 young (6144K), 6 survivors (6144K)
 Metaspace       used 58490K, capacity 59732K, committed 60288K, reserved 1101824K
  class space    used 7095K, capacity 7581K, committed 7680K, reserved 1048576K
}
Event: 15,683 GC heap before
{Heap before GC invocations=17 (full 0):
 garbage-first heap   total 137216K, used 93428K [0x00000000c4000000, 0x0000000100000000)
  region size 1024K, 72 young (73728K), 6 survivors (6144K)
 Metaspace       used 67810K, capacity 69306K, committed 69888K, reserved 1110016K
  class space    used 8538K, capacity 9104K, committed 9216K, reserved 1048576K
}
Event: 15,721 GC heap after
{Heap after GC invocations=18 (full 0):
 garbage-first heap   total 137216K, used 29130K [0x00000000c4000000, 0x0000000100000000)
  region size 1024K, 7 young (7168K), 7 survivors (7168K)
 Metaspace       used 67810K, capacity 69306K, committed 69888K, reserved 1110016K
  class space    used 8538K, capacity 9104K, committed 9216K, reserved 1048576K
}
Event: 86,729 GC heap before
{Heap before GC invocations=18 (full 0):
 garbage-first heap   total 137216K, used 99786K [0x00000000c4000000, 0x0000000100000000)
  region size 1024K, 76 young (77824K), 7 survivors (7168K)
 Metaspace       used 73258K, capacity 74913K, committed 75136K, reserved 1114112K
  class space    used 9175K, capacity 9792K, committed 9856K, reserved 1048576K
}
Event: 87,676 GC heap after
{Heap after GC invocations=19 (full 0):
 garbage-first heap   total 137216K, used 33601K [0x00000000c4000000, 0x0000000100000000)
  region size 1024K, 8 young (8192K), 8 survivors (8192K)
 Metaspace       used 73258K, capacity 74913K, committed 75136K, reserved 1114112K
  class space    used 9175K, capacity 9792K, committed 9856K, reserved 1048576K
}
Event: 106,603 GC heap before
{Heap before GC invocations=19 (full 0):
 garbage-first heap   total 137216K, used 34625K [0x00000000c4000000, 0x0000000100000000)
  region size 1024K, 9 young (9216K), 8 survivors (8192K)
 Metaspace       used 73262K, capacity 74913K, committed 75136K, reserved 1114112K
  class space    used 9175K, capacity 9792K, committed 9856K, reserved 1048576K
}

